<?xml version="1.0" encoding="UTF-8"?>
<!-- Generated by org.testng.reporters.JUnitXMLReporter -->
<testsuite ignored="0" hostname="MANPREET-KAUR" failures="0" tests="3" name="Default test" time="16.805" errors="0" timestamp="2024-02-02T17:21:59 EST">
  <testcase classname="com.Manpreet.ProjectAssignment.SearchEnginePageTest" name="testBingSearch" time="2.758"/>
  <testcase classname="com.Manpreet.ProjectAssignment.SearchEnginePageTest" name="testGoogleSearch" time="1.276"/>
  <testcase classname="com.Manpreet.ProjectAssignment.SearchEnginePageTest" name="testYahooSearch" time="1.247"/>
</testsuite> <!-- Default test -->
