<?xml version="1.0" encoding="UTF-8"?>
<!-- Generated by org.testng.reporters.JUnitXMLReporter -->
<testsuite ignored="4" hostname="MANPREET-KAUR" failures="0" tests="1" name="Default test" time="4.481" errors="0" timestamp="2024-02-02T01:00:31 EST">
  <testcase classname="com.Manpreet.ProjectAssignment.SearchPageTest" name="testSearchForSpecialCharacters" time="1.865"/>
  <testcase classname="com.Manpreet.ProjectAssignment.SearchPageTest" name="testSearchForNonExistentTerm" time="0.0">
    <ignored/>
  </testcase> <!-- testSearchForNonExistentTerm -->
  <testcase classname="com.Manpreet.ProjectAssignment.SearchPageTest" name="testSearchForText" time="0.0">
    <ignored/>
  </testcase> <!-- testSearchForText -->
  <testcase classname="com.Manpreet.ProjectAssignment.SearchPageTest" name="testSearchForMultipleTerms" time="0.0">
    <ignored/>
  </testcase> <!-- testSearchForMultipleTerms -->
  <testcase classname="com.Manpreet.ProjectAssignment.SearchPageTest" name="testSearchForNumbers" time="0.0">
    <ignored/>
  </testcase> <!-- testSearchForNumbers -->
</testsuite> <!-- Default test -->
