<?xml version="1.0" encoding="UTF-8"?>
<testng-results ignored="0" total="3" passed="3" failed="0" skipped="0">
  <reporter-output>
  </reporter-output>
  <suite started-at="2024-02-02T17:21:42 EST" name="Default suite" finished-at="2024-02-02T17:21:59 EST" duration-ms="16805">
    <groups>
    </groups>
    <test started-at="2024-02-02T17:21:42 EST" name="Default test" finished-at="2024-02-02T17:21:59 EST" duration-ms="16805">
      <class name="com.Manpreet.ProjectAssignment.SearchEnginePageTest">
        <test-method is-config="true" signature="setUpPage()[pri:0, instance:com.Manpreet.ProjectAssignment.SearchEnginePageTest@34f5090e]" started-at="2024-02-02T17:21:42 EST" name="setUpPage" finished-at="2024-02-02T17:21:46 EST" duration-ms="3637" status="PASS">
          <reporter-output>
          </reporter-output>
        </test-method> <!-- setUpPage -->
        <test-method signature="testBingSearch()[pri:0, instance:com.Manpreet.ProjectAssignment.SearchEnginePageTest@34f5090e]" started-at="2024-02-02T17:21:46 EST" name="testBingSearch" finished-at="2024-02-02T17:21:48 EST" duration-ms="2758" status="PASS">
          <reporter-output>
          </reporter-output>
        </test-method> <!-- testBingSearch -->
        <test-method is-config="true" signature="quitBrowser()[pri:0, instance:com.Manpreet.ProjectAssignment.SearchEnginePageTest@34f5090e]" started-at="2024-02-02T17:21:48 EST" name="quitBrowser" finished-at="2024-02-02T17:21:50 EST" duration-ms="1559" status="PASS">
          <reporter-output>
          </reporter-output>
        </test-method> <!-- quitBrowser -->
        <test-method is-config="true" signature="setUpPage()[pri:0, instance:com.Manpreet.ProjectAssignment.SearchEnginePageTest@34f5090e]" started-at="2024-02-02T17:21:50 EST" name="setUpPage" finished-at="2024-02-02T17:21:52 EST" duration-ms="2439" status="PASS">
          <reporter-output>
          </reporter-output>
        </test-method> <!-- setUpPage -->
        <test-method signature="testGoogleSearch()[pri:0, instance:com.Manpreet.ProjectAssignment.SearchEnginePageTest@34f5090e]" started-at="2024-02-02T17:21:52 EST" name="testGoogleSearch" finished-at="2024-02-02T17:21:54 EST" duration-ms="1276" status="PASS">
          <reporter-output>
          </reporter-output>
        </test-method> <!-- testGoogleSearch -->
        <test-method is-config="true" signature="quitBrowser()[pri:0, instance:com.Manpreet.ProjectAssignment.SearchEnginePageTest@34f5090e]" started-at="2024-02-02T17:21:54 EST" name="quitBrowser" finished-at="2024-02-02T17:21:54 EST" duration-ms="856" status="PASS">
          <reporter-output>
          </reporter-output>
        </test-method> <!-- quitBrowser -->
        <test-method is-config="true" signature="setUpPage()[pri:0, instance:com.Manpreet.ProjectAssignment.SearchEnginePageTest@34f5090e]" started-at="2024-02-02T17:21:54 EST" name="setUpPage" finished-at="2024-02-02T17:21:57 EST" duration-ms="2318" status="PASS">
          <reporter-output>
          </reporter-output>
        </test-method> <!-- setUpPage -->
        <test-method signature="testYahooSearch()[pri:0, instance:com.Manpreet.ProjectAssignment.SearchEnginePageTest@34f5090e]" started-at="2024-02-02T17:21:57 EST" name="testYahooSearch" finished-at="2024-02-02T17:21:58 EST" duration-ms="1247" status="PASS">
          <reporter-output>
          </reporter-output>
        </test-method> <!-- testYahooSearch -->
        <test-method is-config="true" signature="quitBrowser()[pri:0, instance:com.Manpreet.ProjectAssignment.SearchEnginePageTest@34f5090e]" started-at="2024-02-02T17:21:58 EST" name="quitBrowser" finished-at="2024-02-02T17:21:59 EST" duration-ms="682" status="PASS">
          <reporter-output>
          </reporter-output>
        </test-method> <!-- quitBrowser -->
      </class> <!-- com.Manpreet.ProjectAssignment.SearchEnginePageTest -->
    </test> <!-- Default test -->
  </suite> <!-- Default suite -->
</testng-results>
