<?xml version="1.0" encoding="UTF-8"?>
<testng-results ignored="4" total="5" passed="1" failed="0" skipped="0">
  <reporter-output>
  </reporter-output>
  <suite started-at="2024-02-02T01:00:26 EST" name="Default suite" finished-at="2024-02-02T01:00:31 EST" duration-ms="4481">
    <groups>
    </groups>
    <test started-at="2024-02-02T01:00:26 EST" name="Default test" finished-at="2024-02-02T01:00:31 EST" duration-ms="4481">
      <class name="com.Manpreet.ProjectAssignment.SearchPageTest">
        <test-method is-config="true" signature="setUpPage()[pri:0, instance:com.Manpreet.ProjectAssignment.SearchPageTest@4a7f959b]" started-at="2024-02-02T01:00:26 EST" name="setUpPage" finished-at="2024-02-02T01:00:29 EST" duration-ms="2386" status="PASS">
          <reporter-output>
          </reporter-output>
        </test-method> <!-- setUpPage -->
        <test-method signature="testSearchForSpecialCharacters()[pri:0, instance:com.Manpreet.ProjectAssignment.SearchPageTest@4a7f959b]" started-at="2024-02-02T01:00:29 EST" name="testSearchForSpecialCharacters" finished-at="2024-02-02T01:00:31 EST" duration-ms="1865" status="PASS">
          <reporter-output>
          </reporter-output>
        </test-method> <!-- testSearchForSpecialCharacters -->
        <test-method is-config="true" signature="quitBrowser()[pri:0, instance:com.Manpreet.ProjectAssignment.SearchPageTest@4a7f959b]" started-at="2024-02-02T01:00:31 EST" name="quitBrowser" finished-at="2024-02-02T01:00:31 EST" duration-ms="197" status="PASS">
          <reporter-output>
          </reporter-output>
        </test-method> <!-- quitBrowser -->
      </class> <!-- com.Manpreet.ProjectAssignment.SearchPageTest -->
    </test> <!-- Default test -->
  </suite> <!-- Default suite -->
</testng-results>
